Searching NASA Horizons for 'Sun'... 
Found: Sun (10) 
Searching NASA Horizons for 'Mercury'... 
Found: Mercury Barycenter (199) (chosen from query 'Mercury')
Searching NASA Horizons for 'Venus'... 
Found: Venus Barycenter (299) (chosen from query 'Venus')
Searching NASA Horizons for 'Earth'... 
Found: Earth-Moon Barycenter (3) (chosen from query 'Earth')
Searching NASA Horizons for 'Mars'... 
Found: Mars Barycenter (4) (chosen from query 'Mars')
Searching NASA Horizons for 'Jupiter'... 
Found: Jupiter Barycenter (5) (chosen from query 'Jupiter')
Searching NASA Horizons for 'Saturn'... 
Found: Saturn Barycenter (6) (chosen from query 'Saturn')
Searching NASA Horizons for 'Uranus'... 
Found: Uranus Barycenter (7) (chosen from query 'Uranus')
Searching NASA Horizons for 'Neptune'... 
Found: Neptune Barycenter (8) (chosen from query 'Neptune')
0.0
628.3185307179588
1256.6370614359175
1884.9555921538763
2513.274122871835
3141.5926535897943
3769.9111843077535
4398.229715025711
5026.548245743668
5654.866776461626
6283.185307179583
6911.5038378975405
7539.822368615498
8168.140899333455
8796.459430051415
9424.777960769374
10053.096491487333
10681.415022205292
11309.733552923251
11938.05208364121
12566.37061435917
13194.689145077129
13823.007675795088
14451.326206513048
15079.644737231007
15707.963267948966
16336.281798666925
16964.600329384884
17592.918860102844
18221.237390820803
18849.555921538762
19477.87445225672
20106.19298297468
20734.51151369264
21362.8300444106
21991.148575128558
22619.467105846517
23247.785636564477
23876.104167282436
24504.422698000395
25132.741228718354
25761.059759436313
26389.378290154273
27017.696820872232
27646.01535159019
28274.33388230815
28902.65241302611
29530.97094374407
30159.289474462028
30787.608005179987
31415.926535897946
32044.245066615906
32672.563597333865
33300.88212805183
33929.2006587698
34557.519189487764
35185.83772020573
35814.1562509237
36442.474781641664
37070.79331235963
37699.1118430776
38327.43037379556
38955.74890451353
39584.067435231496
40212.38596594946
40840.70449666743
41469.023027385396
42097.34155810336
42725.66008882133
43353.978619539295
43982.29715025726
44610.61568097523
45238.934211693195
45867.25274241116
46495.57127312913
47123.889803847094
47752.20833456506
48380.52686528303
49008.845396000994
49637.16392671896
50265.48245743693
50893.80098815489
51522.11951887286
52150.438049590826
52778.75658030879
53407.07511102676
54035.393641744726
54663.71217246269
55292.03070318066
55920.349233898625
56548.66776461659
57176.98629533456
57805.304826052525
58433.62335677049
59061.94188748846
59690.260418206424
60318.57894892439
60946.89747964236
61575.216010360324
62203.53454107829
/home/mam1487/.conda/envs/venv/lib/python3.8/site-packages/rebound/simulation.py:724: RuntimeWarning: Recalculating coordinates but pos/vel were not synchronized before.
  warnings.warn(msg[1:], RuntimeWarning)
